c:\users\riel8\source\repos\vulkan\vulkan\x64\debug\vc143.pdb
c:\users\riel8\source\repos\vulkan\vulkan\x64\debug\vc143.idb
c:\users\riel8\source\repos\vulkan\vulkan\x64\debug\vulkan.obj
c:\users\riel8\source\repos\vulkan\vulkan\x64\debug\main.obj
c:\users\yaega\documents\github\vulkan\vulkan\x64\debug\vc143.pdb
c:\users\yaega\documents\github\vulkan\vulkan\x64\debug\vc143.idb
c:\users\yaega\documents\github\vulkan\vulkan\x64\debug\vulkan.obj
c:\users\yaega\documents\github\vulkan\vulkan\x64\debug\main.obj
c:\users\riel8\source\repos\vulkan\x64\debug\vulkan.exe
c:\users\riel8\source\repos\vulkan\vulkan\x64\debug\vulkan.ilk
c:\users\riel8\source\repos\vulkan\x64\debug\vulkan.pdb
c:\users\yaega\documents\github\vulkan\vulkan\x64\debug\vulkan.ilk
c:\users\yaega\documents\github\vulkan\x64\debug\vulkan.exe
c:\users\yaega\documents\github\vulkan\x64\debug\vulkan.pdb
c:\users\yaega\documents\github\vulkan\vulkan\x64\debug\vulkan.tlog\cl.command.1.tlog
c:\users\yaega\documents\github\vulkan\vulkan\x64\debug\vulkan.tlog\cl.items.tlog
c:\users\yaega\documents\github\vulkan\vulkan\x64\debug\vulkan.tlog\cl.read.1.tlog
c:\users\yaega\documents\github\vulkan\vulkan\x64\debug\vulkan.tlog\cl.write.1.tlog
c:\users\yaega\documents\github\vulkan\vulkan\x64\debug\vulkan.tlog\link.command.1.tlog
c:\users\yaega\documents\github\vulkan\vulkan\x64\debug\vulkan.tlog\link.read.1.tlog
c:\users\yaega\documents\github\vulkan\vulkan\x64\debug\vulkan.tlog\link.write.1.tlog
